
Showing logs for build [32mcb-kubecd-environment-pr-187-19-k2r26-1[0m stage [32mfrom-build-pack[0m and container [32mstep-credential-initializer-w5p58[0m
{"level":"warn","ts":1585107973.8772666,"logger":"fallback-logger","caller":"logging/config.go:69","msg":"Fetch GitHub commit ID from kodata failed: \"ref: refs/heads/0.8.0-**-support-backwards-incompats\" is not a valid GitHub commit ID"}
{"level":"info","ts":1585107973.8846295,"logger":"fallback-logger","caller":"creds-init/main.go:40","msg":"Credentials initialized."}

Showing logs for build [32mcb-kubecd-environment-pr-187-19-k2r26-1[0m stage [32mfrom-build-pack[0m and container [32mstep-working-dir-initializer-lszws[0m
{"level":"warn","ts":1585107974.2794213,"logger":"fallback-logger","caller":"logging/config.go:69","msg":"Fetch GitHub commit ID from kodata failed: open /var/run/ko/HEAD: no such file or directory"}
{"level":"info","ts":1585107974.2809055,"logger":"fallback-logger","caller":"bash/main.go:64","msg":"Successfully executed command \"sh -c mkdir -p /workspace/source\"; output "}

Showing logs for build [32mcb-kubecd-environment-pr-187-19-k2r26-1[0m stage [32mfrom-build-pack[0m and container [32mstep-place-tools[0m

Showing logs for build [32mcb-kubecd-environment-pr-187-19-k2r26-1[0m stage [32mfrom-build-pack[0m and container [32mstep-git-source-cb-kubecd-environment-pr-187-19-k2r26-wn6hx[0m
{"level":"warn","ts":1585107979.474806,"logger":"fallback-logger","caller":"logging/config.go:69","msg":"Fetch GitHub commit ID from kodata failed: \"ref: refs/heads/0.8.0-**-support-backwards-incompats\" is not a valid GitHub commit ID"}
{"level":"info","ts":1585107980.546446,"logger":"fallback-logger","caller":"git/git.go:103","msg":"Successfully cloned https://github.com/cb-kubecd/environment-pr-187-198-boot-vault-gke-staging.git @ master in path /workspace/source"}

Showing logs for build [32mcb-kubecd-environment-pr-187-19-k2r26-1[0m stage [32mfrom-build-pack[0m and container [32mstep-git-merge[0m
Using SHAs from PULL_REFS=master:d5218703381a4c76db0d19888d08c65d77ae4950,4:92573478ae1ebf654225ba09ca443b476ccf8b0f
DEBUG: LC_ALL=C JX_LOG_LEVEL=error git fetch origin --unshallow 92573478ae1ebf654225ba09ca443b476ccf8b0f: d5218703381a4c76db0d19888d08c65d77ae4950:
DEBUG: ran git fetch --unshallow origin 92573478ae1ebf654225ba09ca443b476ccf8b0f: d5218703381a4c76db0d19888d08c65d77ae4950: in 
DEBUG: JX_LOG_LEVEL=error LC_ALL=C git branch
DEBUG: LC_ALL=C JX_LOG_LEVEL=error git checkout master
DEBUG: ran git checkout master in 
DEBUG: LC_ALL=C JX_LOG_LEVEL=error git reset --hard d5218703381a4c76db0d19888d08c65d77ae4950
DEBUG: ran git reset --hard d5218703381a4c76db0d19888d08c65d77ae4950 in 
DEBUG: LC_ALL=C JX_LOG_LEVEL=error git clean -fd .
DEBUG: ran clean --force -d . in 
DEBUG: LC_ALL=C JX_LOG_LEVEL=error git merge 92573478ae1ebf654225ba09ca443b476ccf8b0f
DEBUG: ran git merge 92573478ae1ebf654225ba09ca443b476ccf8b0f in 
DEBUG: LC_ALL=C JX_LOG_LEVEL=error git log --format=%H%x1f%an%x1f%ae%x1f%cn%x1f%ce%x1f%s%n%b%x1e d5218703381a4c76db0d19888d08c65d77ae4950..HEAD
Merged SHA 92573478ae1ebf654225ba09ca443b476ccf8b0f with commit message 'chore: Promote bdd-nh-1585105229 to version 0.0.1' into base branch master

Showing logs for build [32mcb-kubecd-environment-pr-187-19-k2r26-1[0m stage [32mfrom-build-pack[0m and container [32mstep-build-helm-build[0m
WARNING: No $CHART_REPOSITORY defined so using the default value of: http://jenkins-x-chartmuseum:8080
Adding missing Helm repo: storage.googleapis.com https://storage.googleapis.com/chartmuseum.jenkins-x.io
WARNING: No secrets found on "helm/repos" due: reading the secret "helm/repos" from vault: no secret "helm/repos" not found in vault
Read credentials for https://storage.googleapis.com/chartmuseum.jenkins-x.io from vault helm/repos
Successfully added Helm repository storage.googleapis.com.
Adding missing Helm repo: jenkins-x-chartmuseum http://jenkins-x-chartmuseum:8080
WARNING: No secrets found on "helm/repos" due: reading the secret "helm/repos" from vault: no secret "helm/repos" not found in vault
Read credentials for http://jenkins-x-chartmuseum:8080 from vault helm/repos
Successfully added Helm repository jenkins-x-chartmuseum.
WARNING: No $CHART_REPOSITORY defined so using the default value of: http://jenkins-x-chartmuseum:8080
Adding missing Helm repo: chartmuseum.jenkins-x.io http://chartmuseum.jenkins-x.io
WARNING: No secrets found on "helm/repos" due: reading the secret "helm/repos" from vault: no secret "helm/repos" not found in vault
Read credentials for http://chartmuseum.jenkins-x.io from vault helm/repos
Successfully added Helm repository chartmuseum.jenkins-x.io.
